2017-10-08 19:12:35,683 [Worker-1] INFO  c.g.t.t.d.PublishedGradleVersions - Gradle version information cache is up-to-date. Trying to read.
2017-10-08 19:13:27,093 [Worker-11] INFO  o.e.m.c.i.p.ProjectConfigurationManager - Collecting project info '/pom.xml' /Users/Jacky/GitHub/my_son_kindergarten_photo/Blog/pom.xml
2017-10-08 19:13:27,760 [Worker-11] INFO  o.e.m.c.i.l.LifecycleMappingFactory - Using org.eclipse.m2e.jdt.JarLifecycleMapping lifecycle mapping for MavenProject: com.163.blog:Blog:0.0.1-SNAPSHOT @ /Users/Jacky/GitHub/my_son_kindergarten_photo/Blog/pom.xml.
2017-10-08 19:13:28,156 [Worker-11] INFO  o.e.m.j.i.AbstractJavaProjectConfigurator - Adding source folder /Blog/src/main/java
2017-10-08 19:13:28,159 [Worker-11] INFO  o.e.m.j.i.AbstractJavaProjectConfigurator - Adding source folder /Blog/src/test/java
2017-10-08 19:13:29,286 [Worker-11] INFO  o.e.m.c.i.p.ProjectConfigurationManager - Imported and configured 1 project(s) in 2 sec
2017-10-08 19:13:29,711 [Worker-16] INFO  o.e.m.c.i.embedder.EclipseLogger - Using 'UTF-8' encoding to copy filtered resources.
2017-10-08 19:13:29,711 [Worker-16] INFO  o.e.m.c.i.embedder.EclipseLogger - skip non existing resourceDirectory /Users/Jacky/GitHub/my_son_kindergarten_photo/Blog/src/main/resources
2017-10-08 19:13:29,713 [Worker-16] INFO  o.e.m.c.i.embedder.EclipseLogger - Using 'UTF-8' encoding to copy filtered resources.
2017-10-08 19:13:29,713 [Worker-16] INFO  o.e.m.c.i.embedder.EclipseLogger - skip non existing resourceDirectory /Users/Jacky/GitHub/my_son_kindergarten_photo/Blog/src/test/resources
2017-10-08 19:14:06,378 [Worker-13] INFO  o.e.m.c.i.l.LifecycleMappingFactory - Using org.eclipse.m2e.jdt.JarLifecycleMapping lifecycle mapping for MavenProject: com.163.blog:Blog:0.0.1-SNAPSHOT @ /Users/Jacky/GitHub/my_son_kindergarten_photo/Blog/pom.xml.
2017-10-08 19:14:06,792 [Worker-13] INFO  o.e.m.c.i.embedder.EclipseLogger - Using 'UTF-8' encoding to copy filtered resources.
2017-10-08 19:14:06,792 [Worker-13] INFO  o.e.m.c.i.embedder.EclipseLogger - skip non existing resourceDirectory /Users/Jacky/GitHub/my_son_kindergarten_photo/Blog/src/main/resources
2017-10-08 19:14:06,793 [Worker-13] INFO  o.e.m.c.i.embedder.EclipseLogger - Using 'UTF-8' encoding to copy filtered resources.
2017-10-08 19:14:06,793 [Worker-13] INFO  o.e.m.c.i.embedder.EclipseLogger - skip non existing resourceDirectory /Users/Jacky/GitHub/my_son_kindergarten_photo/Blog/src/test/resources
2017-10-08 19:14:08,164 [Worker-15] INFO  o.e.m.c.i.embedder.EclipseLogger - Using 'UTF-8' encoding to copy filtered resources.
2017-10-08 19:14:08,165 [Worker-15] INFO  o.e.m.c.i.embedder.EclipseLogger - skip non existing resourceDirectory /Users/Jacky/GitHub/my_son_kindergarten_photo/Blog/src/main/resources
2017-10-08 19:14:08,166 [Worker-15] INFO  o.e.m.c.i.embedder.EclipseLogger - Using 'UTF-8' encoding to copy filtered resources.
2017-10-08 19:14:08,166 [Worker-15] INFO  o.e.m.c.i.embedder.EclipseLogger - skip non existing resourceDirectory /Users/Jacky/GitHub/my_son_kindergarten_photo/Blog/src/test/resources
2017-10-08 19:22:16,717 [Worker-4] INFO  c.g.t.t.d.PublishedGradleVersions - Gradle version information cache is up-to-date. Trying to read.
2017-10-08 19:41:15,069 [Worker-14] INFO  o.e.m.c.i.embedder.EclipseLogger - Using 'UTF-8' encoding to copy filtered resources.
2017-10-08 19:41:15,069 [Worker-14] INFO  o.e.m.c.i.embedder.EclipseLogger - skip non existing resourceDirectory /Users/Jacky/GitHub/my_son_kindergarten_photo/Blog/src/main/resources
2017-10-08 19:41:15,071 [Worker-14] INFO  o.e.m.c.i.embedder.EclipseLogger - Using 'UTF-8' encoding to copy filtered resources.
2017-10-08 19:41:15,071 [Worker-14] INFO  o.e.m.c.i.embedder.EclipseLogger - skip non existing resourceDirectory /Users/Jacky/GitHub/my_son_kindergarten_photo/Blog/src/test/resources
2017-10-08 19:41:52,188 [Worker-2] INFO  c.g.t.t.d.PublishedGradleVersions - Gradle version information cache is up-to-date. Trying to read.
2017-10-08 19:41:56,053 [Worker-1] INFO  o.e.m.c.i.embedder.EclipseLogger - Using 'UTF-8' encoding to copy filtered resources.
2017-10-08 19:41:56,054 [Worker-1] INFO  o.e.m.c.i.embedder.EclipseLogger - skip non existing resourceDirectory /Users/Jacky/GitHub/my_son_kindergarten_photo/Blog/src/main/resources
2017-10-08 19:41:56,056 [Worker-1] INFO  o.e.m.c.i.embedder.EclipseLogger - Using 'UTF-8' encoding to copy filtered resources.
2017-10-08 19:41:56,056 [Worker-1] INFO  o.e.m.c.i.embedder.EclipseLogger - skip non existing resourceDirectory /Users/Jacky/GitHub/my_son_kindergarten_photo/Blog/src/test/resources
2017-10-08 19:43:24,935 [Worker-17] INFO  o.e.m.c.i.embedder.EclipseLogger - Using 'UTF-8' encoding to copy filtered resources.
2017-10-08 19:43:24,935 [Worker-17] INFO  o.e.m.c.i.embedder.EclipseLogger - skip non existing resourceDirectory /Users/Jacky/GitHub/my_son_kindergarten_photo/Blog/src/main/resources
2017-10-08 19:43:24,937 [Worker-17] INFO  o.e.m.c.i.embedder.EclipseLogger - Using 'UTF-8' encoding to copy filtered resources.
2017-10-08 19:43:24,937 [Worker-17] INFO  o.e.m.c.i.embedder.EclipseLogger - skip non existing resourceDirectory /Users/Jacky/GitHub/my_son_kindergarten_photo/Blog/src/test/resources
2017-10-08 19:43:38,224 [Worker-3] INFO  o.e.m.c.i.embedder.EclipseLogger - Using 'UTF-8' encoding to copy filtered resources.
2017-10-08 19:43:38,224 [Worker-3] INFO  o.e.m.c.i.embedder.EclipseLogger - skip non existing resourceDirectory /Users/Jacky/GitHub/my_son_kindergarten_photo/Blog/src/main/resources
2017-10-08 19:43:38,225 [Worker-3] INFO  o.e.m.c.i.embedder.EclipseLogger - Using 'UTF-8' encoding to copy filtered resources.
2017-10-08 19:43:38,225 [Worker-3] INFO  o.e.m.c.i.embedder.EclipseLogger - skip non existing resourceDirectory /Users/Jacky/GitHub/my_son_kindergarten_photo/Blog/src/test/resources
2017-10-08 19:46:44,469 [Worker-17] INFO  o.e.m.c.i.p.ProjectConfigurationManager - Collecting project info '/pom.xml' /Users/Jacky/GitHub/my_son_kindergarten_photo/Blog/pom.xml
2017-10-08 19:46:44,990 [Worker-17] INFO  o.e.m.c.i.l.LifecycleMappingFactory - Using org.eclipse.m2e.jdt.JarLifecycleMapping lifecycle mapping for MavenProject: com.163.blog:Blog:0.0.1-SNAPSHOT @ /Users/Jacky/GitHub/my_son_kindergarten_photo/Blog/pom.xml.
2017-10-08 19:46:45,252 [Worker-17] INFO  o.e.m.j.i.AbstractJavaProjectConfigurator - Adding source folder /Blog/src/main/java
2017-10-08 19:46:45,254 [Worker-17] INFO  o.e.m.j.i.AbstractJavaProjectConfigurator - Adding source folder /Blog/src/test/java
2017-10-08 19:46:45,293 [Worker-17] INFO  o.e.m.c.i.p.ProjectConfigurationManager - Imported and configured 1 project(s) in 0 sec
2017-10-08 19:46:45,802 [Worker-1] INFO  o.e.m.c.i.embedder.EclipseLogger - Using 'UTF-8' encoding to copy filtered resources.
2017-10-08 19:46:45,802 [Worker-1] INFO  o.e.m.c.i.embedder.EclipseLogger - skip non existing resourceDirectory /Users/Jacky/GitHub/my_son_kindergarten_photo/Blog/src/main/resources
2017-10-08 19:46:45,805 [Worker-1] INFO  o.e.m.c.i.embedder.EclipseLogger - Using 'UTF-8' encoding to copy filtered resources.
2017-10-08 19:46:45,805 [Worker-1] INFO  o.e.m.c.i.embedder.EclipseLogger - skip non existing resourceDirectory /Users/Jacky/GitHub/my_son_kindergarten_photo/Blog/src/test/resources
2017-10-08 19:48:26,825 [Worker-22] INFO  o.e.m.c.i.l.LifecycleMappingFactory - Using org.eclipse.m2e.jdt.JarLifecycleMapping lifecycle mapping for MavenProject: com.163.blog:Blog:0.0.1-SNAPSHOT @ /Users/Jacky/GitHub/my_son_kindergarten_photo/Blog/pom.xml.
2017-10-08 19:48:26,937 [Worker-22] INFO  o.e.m.c.i.embedder.EclipseLogger - Using 'UTF-8' encoding to copy filtered resources.
2017-10-08 19:48:26,937 [Worker-22] INFO  o.e.m.c.i.embedder.EclipseLogger - skip non existing resourceDirectory /Users/Jacky/GitHub/my_son_kindergarten_photo/Blog/src/main/resources
2017-10-08 19:48:26,938 [Worker-22] INFO  o.e.m.c.i.embedder.EclipseLogger - Using 'UTF-8' encoding to copy filtered resources.
2017-10-08 19:48:26,938 [Worker-22] INFO  o.e.m.c.i.embedder.EclipseLogger - skip non existing resourceDirectory /Users/Jacky/GitHub/my_son_kindergarten_photo/Blog/src/test/resources
2017-10-08 19:48:29,277 [Worker-22] INFO  o.e.m.c.i.l.LifecycleMappingFactory - Using org.eclipse.m2e.jdt.JarLifecycleMapping lifecycle mapping for MavenProject: com.163.blog:Blog:0.0.1-SNAPSHOT @ /Users/Jacky/GitHub/my_son_kindergarten_photo/Blog/pom.xml.
2017-10-08 19:48:29,346 [Worker-22] INFO  o.e.m.c.i.embedder.EclipseLogger - Using 'UTF-8' encoding to copy filtered resources.
2017-10-08 19:48:29,346 [Worker-22] INFO  o.e.m.c.i.embedder.EclipseLogger - skip non existing resourceDirectory /Users/Jacky/GitHub/my_son_kindergarten_photo/Blog/src/main/resources
2017-10-08 19:48:29,348 [Worker-22] INFO  o.e.m.c.i.embedder.EclipseLogger - Using 'UTF-8' encoding to copy filtered resources.
2017-10-08 19:48:29,348 [Worker-22] INFO  o.e.m.c.i.embedder.EclipseLogger - skip non existing resourceDirectory /Users/Jacky/GitHub/my_son_kindergarten_photo/Blog/src/test/resources
2017-10-08 19:50:05,446 [Worker-21] INFO  o.e.m.c.i.l.LifecycleMappingFactory - Using org.eclipse.m2e.jdt.JarLifecycleMapping lifecycle mapping for MavenProject: com.163.blog:Blog:0.0.1-SNAPSHOT @ /Users/Jacky/GitHub/my_son_kindergarten_photo/Blog/pom.xml.
2017-10-08 19:50:05,527 [Worker-21] INFO  o.e.m.c.i.embedder.EclipseLogger - Using 'UTF-8' encoding to copy filtered resources.
2017-10-08 19:50:05,527 [Worker-21] INFO  o.e.m.c.i.embedder.EclipseLogger - skip non existing resourceDirectory /Users/Jacky/GitHub/my_son_kindergarten_photo/Blog/src/main/resources
2017-10-08 19:50:05,528 [Worker-21] INFO  o.e.m.c.i.embedder.EclipseLogger - Using 'UTF-8' encoding to copy filtered resources.
2017-10-08 19:50:05,528 [Worker-21] INFO  o.e.m.c.i.embedder.EclipseLogger - skip non existing resourceDirectory /Users/Jacky/GitHub/my_son_kindergarten_photo/Blog/src/test/resources
2017-10-08 19:53:20,311 [Worker-26] INFO  o.e.m.c.i.e.AbstractTransferListenerAdapter - Downloaded https://repo.maven.apache.org/maven2/junit/junit/3.8.1/junit-3.8.1-javadoc.jar
2017-10-08 19:53:20,323 [Worker-26] ERROR o.e.m.j.internal.DownloadSourcesJob - Could not download sources for junit:junit:3.8.1
org.eclipse.core.runtime.CoreException: Could not resolve artifact junit:junit:jar:javadoc:3.8.1
	at org.eclipse.m2e.core.internal.embedder.MavenImpl$5.call(MavenImpl.java:776) ~[org.eclipse.m2e.core_1.8.1.20170728-1531.jar:na]
	at org.eclipse.m2e.core.internal.embedder.MavenImpl$5.call(MavenImpl.java:1) ~[org.eclipse.m2e.core_1.8.1.20170728-1531.jar:na]
	at org.eclipse.m2e.core.internal.embedder.MavenExecutionContext.executeBare(MavenExecutionContext.java:177) [org.eclipse.m2e.core_1.8.1.20170728-1531.jar:na]
	at org.eclipse.m2e.core.internal.embedder.MavenExecutionContext.execute(MavenExecutionContext.java:112) [org.eclipse.m2e.core_1.8.1.20170728-1531.jar:na]
	at org.eclipse.m2e.core.internal.embedder.MavenExecutionContext.execute(MavenExecutionContext.java:99) [org.eclipse.m2e.core_1.8.1.20170728-1531.jar:na]
	at org.eclipse.m2e.core.internal.embedder.MavenImpl.resolve(MavenImpl.java:743) [org.eclipse.m2e.core_1.8.1.20170728-1531.jar:na]
	at org.eclipse.m2e.core.internal.embedder.MavenImpl.resolve(MavenImpl.java:720) [org.eclipse.m2e.core_1.8.1.20170728-1531.jar:na]
	at org.eclipse.m2e.jdt.internal.DownloadSourcesJob.download(DownloadSourcesJob.java:264) [org.eclipse.m2e.jdt_1.8.1.20170728-1531.jar:na]
	at org.eclipse.m2e.jdt.internal.DownloadSourcesJob.downloadAttachments(DownloadSourcesJob.java:252) [org.eclipse.m2e.jdt_1.8.1.20170728-1531.jar:na]
	at org.eclipse.m2e.jdt.internal.DownloadSourcesJob.downloadMaven(DownloadSourcesJob.java:221) [org.eclipse.m2e.jdt_1.8.1.20170728-1531.jar:na]
	at org.eclipse.m2e.jdt.internal.DownloadSourcesJob.run(DownloadSourcesJob.java:161) [org.eclipse.m2e.jdt_1.8.1.20170728-1531.jar:na]
	at org.eclipse.m2e.jdt.internal.DownloadSourcesJob$1.call(DownloadSourcesJob.java:137) [org.eclipse.m2e.jdt_1.8.1.20170728-1531.jar:na]
	at org.eclipse.m2e.jdt.internal.DownloadSourcesJob$1.call(DownloadSourcesJob.java:1) [org.eclipse.m2e.jdt_1.8.1.20170728-1531.jar:na]
	at org.eclipse.m2e.core.internal.embedder.MavenExecutionContext.executeBare(MavenExecutionContext.java:177) [org.eclipse.m2e.core_1.8.1.20170728-1531.jar:na]
	at org.eclipse.m2e.core.internal.embedder.MavenExecutionContext.execute(MavenExecutionContext.java:151) [org.eclipse.m2e.core_1.8.1.20170728-1531.jar:na]
	at org.eclipse.m2e.core.internal.embedder.MavenExecutionContext.execute(MavenExecutionContext.java:99) [org.eclipse.m2e.core_1.8.1.20170728-1531.jar:na]
	at org.eclipse.m2e.core.internal.embedder.MavenImpl.execute(MavenImpl.java:1355) [org.eclipse.m2e.core_1.8.1.20170728-1531.jar:na]
	at org.eclipse.m2e.jdt.internal.DownloadSourcesJob.run(DownloadSourcesJob.java:135) [org.eclipse.m2e.jdt_1.8.1.20170728-1531.jar:na]
	at org.eclipse.core.internal.jobs.Worker.run(Worker.java:56) [org.eclipse.core.jobs_3.9.1.v20170714-0547.jar:na]
2017-10-08 19:53:20,451 [Worker-26] INFO  o.e.m.c.i.embedder.EclipseLogger - Using 'UTF-8' encoding to copy filtered resources.
2017-10-08 19:53:20,452 [Worker-26] INFO  o.e.m.c.i.embedder.EclipseLogger - skip non existing resourceDirectory /Users/Jacky/GitHub/my_son_kindergarten_photo/Blog/src/main/resources
2017-10-08 19:53:20,453 [Worker-26] INFO  o.e.m.c.i.embedder.EclipseLogger - Using 'UTF-8' encoding to copy filtered resources.
2017-10-08 19:53:20,453 [Worker-26] INFO  o.e.m.c.i.embedder.EclipseLogger - skip non existing resourceDirectory /Users/Jacky/GitHub/my_son_kindergarten_photo/Blog/src/test/resources
2017-10-08 19:53:28,788 [Worker-24] INFO  o.e.m.c.i.p.ProjectConfigurationManager - Update started
2017-10-08 19:53:29,000 [Worker-24] INFO  o.e.m.c.i.l.LifecycleMappingFactory - Using org.eclipse.m2e.jdt.JarLifecycleMapping lifecycle mapping for MavenProject: com.163.blog:Blog:0.0.1-SNAPSHOT @ /Users/Jacky/GitHub/my_son_kindergarten_photo/Blog/pom.xml.
2017-10-08 19:53:29,071 [Worker-24] INFO  o.e.m.j.i.AbstractJavaProjectConfigurator - Adding source folder /Blog/src/main/java
2017-10-08 19:53:29,071 [Worker-24] INFO  o.e.m.j.i.AbstractJavaProjectConfigurator - Adding source folder /Blog/src/test/java
2017-10-08 19:53:29,108 [Worker-24] INFO  o.e.m.c.i.p.ProjectConfigurationManager - Update completed: 0 sec
2017-10-08 19:53:29,253 [Worker-26] INFO  o.e.m.c.i.embedder.EclipseLogger - Using 'UTF-8' encoding to copy filtered resources.
2017-10-08 19:53:29,253 [Worker-26] INFO  o.e.m.c.i.embedder.EclipseLogger - skip non existing resourceDirectory /Users/Jacky/GitHub/my_son_kindergarten_photo/Blog/src/main/resources
2017-10-08 19:53:29,254 [Worker-26] INFO  o.e.m.c.i.embedder.EclipseLogger - Using 'UTF-8' encoding to copy filtered resources.
2017-10-08 19:53:29,254 [Worker-26] INFO  o.e.m.c.i.embedder.EclipseLogger - skip non existing resourceDirectory /Users/Jacky/GitHub/my_son_kindergarten_photo/Blog/src/test/resources
2017-10-08 19:54:36,467 [Worker-26] INFO  o.e.m.c.i.l.LifecycleMappingFactory - Using org.eclipse.m2e.jdt.JarLifecycleMapping lifecycle mapping for MavenProject: com.163.blog:Blog:0.0.1-SNAPSHOT @ /Users/Jacky/GitHub/my_son_kindergarten_photo/Blog/pom.xml.
2017-10-08 19:54:36,520 [Worker-26] INFO  o.e.m.c.i.embedder.EclipseLogger - Using 'UTF-8' encoding to copy filtered resources.
2017-10-08 19:54:36,520 [Worker-26] INFO  o.e.m.c.i.embedder.EclipseLogger - skip non existing resourceDirectory /Users/Jacky/GitHub/my_son_kindergarten_photo/Blog/src/main/resources
2017-10-08 19:54:36,521 [Worker-26] INFO  o.e.m.c.i.embedder.EclipseLogger - Using 'UTF-8' encoding to copy filtered resources.
2017-10-08 19:54:36,522 [Worker-26] INFO  o.e.m.c.i.embedder.EclipseLogger - skip non existing resourceDirectory /Users/Jacky/GitHub/my_son_kindergarten_photo/Blog/src/test/resources
2017-10-08 19:55:37,336 [Worker-21] INFO  o.e.m.c.i.e.AbstractTransferListenerAdapter - Downloading https://repo.maven.apache.org/maven2/junit/junit/3.8.1/junit-3.8.1-sources.jar
2017-10-08 19:55:38,757 [Worker-21] INFO  o.e.m.c.i.e.AbstractTransferListenerAdapter - Downloaded https://repo.maven.apache.org/maven2/junit/junit/3.8.1/junit-3.8.1-sources.jar
2017-10-08 19:55:38,775 [Worker-21] INFO  o.e.m.j.internal.DownloadSourcesJob - Downloaded sources for junit:junit:3.8.1
2017-10-08 19:58:33,613 [Worker-4] INFO  c.g.t.t.d.PublishedGradleVersions - Gradle version information cache is up-to-date. Trying to read.
2017-10-08 20:00:23,323 [Worker-6] INFO  o.e.m.c.i.embedder.EclipseLogger - Using 'UTF-8' encoding to copy filtered resources.
2017-10-08 20:00:23,324 [Worker-6] INFO  o.e.m.c.i.embedder.EclipseLogger - skip non existing resourceDirectory /Users/Jacky/GitHub/my_son_kindergarten_photo/Blog/src/main/resources
2017-10-08 20:00:23,325 [Worker-6] INFO  o.e.m.c.i.embedder.EclipseLogger - Using 'UTF-8' encoding to copy filtered resources.
2017-10-08 20:00:23,325 [Worker-6] INFO  o.e.m.c.i.embedder.EclipseLogger - skip non existing resourceDirectory /Users/Jacky/GitHub/my_son_kindergarten_photo/Blog/src/test/resources
2017-10-08 20:01:55,412 [Worker-9] INFO  o.e.m.c.i.l.LifecycleMappingFactory - Using org.eclipse.m2e.jdt.JarLifecycleMapping lifecycle mapping for MavenProject: com.163.blog:Blog:0.0.1-SNAPSHOT @ /Users/Jacky/GitHub/my_son_kindergarten_photo/Blog/pom.xml.
2017-10-08 20:01:55,788 [Worker-9] INFO  o.e.m.c.i.embedder.EclipseLogger - Using 'UTF-8' encoding to copy filtered resources.
2017-10-08 20:01:55,788 [Worker-9] INFO  o.e.m.c.i.embedder.EclipseLogger - skip non existing resourceDirectory /Users/Jacky/GitHub/my_son_kindergarten_photo/Blog/src/main/resources
2017-10-08 20:01:55,790 [Worker-9] INFO  o.e.m.c.i.embedder.EclipseLogger - Using 'UTF-8' encoding to copy filtered resources.
2017-10-08 20:01:55,790 [Worker-9] INFO  o.e.m.c.i.embedder.EclipseLogger - skip non existing resourceDirectory /Users/Jacky/GitHub/my_son_kindergarten_photo/Blog/src/test/resources
2017-10-08 20:02:13,771 [Start Help Server] INFO  org.eclipse.jetty.util.log - Logging initialized @235234ms to org.eclipse.jetty.util.log.Slf4jLog
2017-10-08 20:02:13,952 [Start Help Server] INFO  org.eclipse.jetty.server.Server - jetty-9.4.5.v20170502
2017-10-08 20:02:13,977 [Start Help Server] INFO  org.eclipse.jetty.server.session - DefaultSessionIdManager workerName=node0
2017-10-08 20:02:13,978 [Start Help Server] INFO  org.eclipse.jetty.server.session - No SessionScavenger set, using defaults
2017-10-08 20:02:13,980 [Start Help Server] INFO  org.eclipse.jetty.server.session - Scavenging every 600000ms
2017-10-08 20:02:14,012 [Start Help Server] INFO  o.e.j.server.handler.ContextHandler - Started o.e.j.s.ServletContextHandler@6469fc15{/help,null,AVAILABLE}
2017-10-08 20:02:14,023 [Start Help Server] INFO  o.e.jetty.server.AbstractConnector - Started ServerConnector@43a7e419{HTTP/1.1,[http/1.1]}{127.0.0.1:50684}
2017-10-08 20:02:14,024 [Start Help Server] INFO  org.eclipse.jetty.server.Server - Started @235486ms
2017-10-08 20:02:50,657 [Worker-16] INFO  o.e.m.c.i.embedder.EclipseLogger - Using 'UTF-8' encoding to copy filtered resources.
2017-10-08 20:02:50,657 [Worker-16] INFO  o.e.m.c.i.embedder.EclipseLogger - skip non existing resourceDirectory /Users/Jacky/GitHub/my_son_kindergarten_photo/Blog/src/main/resources
2017-10-08 20:02:50,659 [Worker-16] INFO  o.e.m.c.i.embedder.EclipseLogger - Using 'UTF-8' encoding to copy filtered resources.
2017-10-08 20:02:50,659 [Worker-16] INFO  o.e.m.c.i.embedder.EclipseLogger - skip non existing resourceDirectory /Users/Jacky/GitHub/my_son_kindergarten_photo/Blog/src/test/resources
